<?xml version="1.0" encoding="UTF-8"?>
<testsuite xmlns:xsi="http://www.w3.org/2001/XMLSchema-instance" xsi:schemaLocation="https://maven.apache.org/surefire/maven-surefire-plugin/xsd/surefire-test-report.xsd" name="com.interset.DataIntegrationTask.TestRunner" time="0.473" tests="16" errors="0" skipped="0" failures="0">
  <properties>
    <property name="java.runtime.name" value="Java(TM) SE Runtime Environment"/>
    <property name="sun.boot.library.path" value="c:\Program Files\Java\jdk1.8.0_45\jre\bin"/>
    <property name="java.vm.version" value="25.45-b02"/>
    <property name="java.vm.vendor" value="Oracle Corporation"/>
    <property name="maven.multiModuleProjectDirectory" value="c:/Users/Richard/desktop/career/! interset/Data-Integration-Task-1"/>
    <property name="java.vendor.url" value="http://java.oracle.com/"/>
    <property name="path.separator" value=";"/>
    <property name="guice.disable.misplaced.annotation.check" value="true"/>
    <property name="java.vm.name" value="Java HotSpot(TM) 64-Bit Server VM"/>
    <property name="file.encoding.pkg" value="sun.io"/>
    <property name="user.script" value=""/>
    <property name="user.country" value="CA"/>
    <property name="sun.java.launcher" value="SUN_STANDARD"/>
    <property name="sun.os.patch.level" value="Service Pack 1"/>
    <property name="java.vm.specification.name" value="Java Virtual Machine Specification"/>
    <property name="user.dir" value="c:\Users\Richard\desktop\career\! interset\Data-Integration-Task-1"/>
    <property name="java.runtime.version" value="1.8.0_45-b15"/>
    <property name="java.awt.graphicsenv" value="sun.awt.Win32GraphicsEnvironment"/>
    <property name="java.endorsed.dirs" value="c:\Program Files\Java\jdk1.8.0_45\jre\lib\endorsed"/>
    <property name="os.arch" value="amd64"/>
    <property name="java.io.tmpdir" value="C:\Users\Richard\AppData\Local\Temp\"/>
    <property name="line.separator" value="&#10;"/>
    <property name="java.vm.specification.vendor" value="Oracle Corporation"/>
    <property name="user.variant" value=""/>
    <property name="os.name" value="Windows 7"/>
    <property name="classworlds.conf" value="c:/Program Files/Apache Software Foundation/apache-maven-3.3.9/bin/m2.conf"/>
    <property name="sun.jnu.encoding" value="Cp1252"/>
    <property name="java.library.path" value="c:\Program Files\Java\jdk1.8.0_45\bin;C:\Windows\Sun\Java\bin;C:\Windows\system32;C:\Windows;c:\Users\Richard\bin;.;C:\Program Files (x86)\Git\local\bin;C:\Program Files (x86)\Git\mingw\bin;C:\Program Files (x86)\Git\bin;c:\Program Files\Common Files\Microsoft Shared\Windows Live;c:\Program Files (x86)\Common Files\Microsoft Shared\Windows Live;c:\ProgramData\Oracle\Java\javapath;c:\Windows\system32;c:\Windows;c:\Windows\System32\Wbem;c:\Windows\System32\WindowsPowerShell\v1.0\;c:\Program Files\Intel\WiFi\bin\;c:\Program Files\Common Files\Intel\WirelessCommon\;c:\Program Files (x86)\NVIDIA Corporation\PhysX\Common;c:\Program Files (x86)\Windows Live\Shared;c:\Program Files (x86)\Calibre2\;c:\Program Files (x86)\Brackets\command;c:\Program Files (x86)\nodejs\;c:\Program Files (x86)\Skype\Phone\;c:\Users\Richard\AppData\Local\Programs\Python\Python35-32\Scripts\;c:\Users\Richard\AppData\Local\Programs\Python\Python35-32\;c:\Program Files\Intel\WiFi\bin\;c:\Program Files\Common Files\Intel\WirelessCommon\;c:\Users\Richard\AppData\Roaming\npm;c:\Program Files\Java\jdk1.8.0_45\bin\;c:\Program Files\Apache Software Foundation\apache-maven-3.3.9\bin;."/>
    <property name="java.specification.name" value="Java Platform API Specification"/>
    <property name="java.class.version" value="52.0"/>
    <property name="sun.management.compiler" value="HotSpot 64-Bit Tiered Compilers"/>
    <property name="os.version" value="6.1"/>
    <property name="user.home" value="C:\Users\Richard"/>
    <property name="user.timezone" value="America/New_York"/>
    <property name="java.awt.printerjob" value="sun.awt.windows.WPrinterJob"/>
    <property name="java.specification.version" value="1.8"/>
    <property name="file.encoding" value="Cp1252"/>
    <property name="user.name" value="Richard"/>
    <property name="java.class.path" value="c:/Program Files/Apache Software Foundation/apache-maven-3.3.9/boot/plexus-classworlds-2.5.2.jar"/>
    <property name="java.vm.specification.version" value="1.8"/>
    <property name="sun.arch.data.model" value="64"/>
    <property name="java.home" value="c:\Program Files\Java\jdk1.8.0_45\jre"/>
    <property name="sun.java.command" value="org.codehaus.plexus.classworlds.launcher.Launcher package"/>
    <property name="java.specification.vendor" value="Oracle Corporation"/>
    <property name="user.language" value="en"/>
    <property name="awt.toolkit" value="sun.awt.windows.WToolkit"/>
    <property name="java.vm.info" value="mixed mode"/>
    <property name="java.version" value="1.8.0_45"/>
    <property name="java.ext.dirs" value="c:\Program Files\Java\jdk1.8.0_45\jre\lib\ext;C:\Windows\Sun\Java\lib\ext"/>
    <property name="sun.boot.class.path" value="c:\Program Files\Java\jdk1.8.0_45\jre\lib\resources.jar;c:\Program Files\Java\jdk1.8.0_45\jre\lib\rt.jar;c:\Program Files\Java\jdk1.8.0_45\jre\lib\sunrsasign.jar;c:\Program Files\Java\jdk1.8.0_45\jre\lib\jsse.jar;c:\Program Files\Java\jdk1.8.0_45\jre\lib\jce.jar;c:\Program Files\Java\jdk1.8.0_45\jre\lib\charsets.jar;c:\Program Files\Java\jdk1.8.0_45\jre\lib\jfr.jar;c:\Program Files\Java\jdk1.8.0_45\jre\classes"/>
    <property name="sun.stderr.encoding" value="cp850"/>
    <property name="java.vendor" value="Oracle Corporation"/>
    <property name="maven.home" value="c:\Program Files\Apache Software Foundation\apache-maven-3.3.9"/>
    <property name="file.separator" value="\"/>
    <property name="java.vendor.url.bug" value="http://bugreport.sun.com/bugreport/"/>
    <property name="sun.cpu.endian" value="little"/>
    <property name="sun.io.unicode.encoding" value="UnicodeLittle"/>
    <property name="sun.stdout.encoding" value="cp850"/>
    <property name="sun.desktop" value="windows"/>
    <property name="sun.cpu.isalist" value="amd64"/>
  </properties>
  <testcase name="testActionRemove" classname="com.interset.DataIntegrationTask.TestRunner" time="0.001"/>
  <testcase name="testEventID" classname="com.interset.DataIntegrationTask.TestRunner" time="0"/>
  <testcase name="testTimestampUTC" classname="com.interset.DataIntegrationTask.TestRunner" time="0.129"/>
  <testcase name="testIP" classname="com.interset.DataIntegrationTask.TestRunner" time="0"/>
  <testcase name="testMetadataToRecord" classname="com.interset.DataIntegrationTask.TestRunner" time="0.246"/>
  <testcase name="testFileName" classname="com.interset.DataIntegrationTask.TestRunner" time="0"/>
  <testcase name="testRecordToCSV" classname="com.interset.DataIntegrationTask.TestRunner" time="0.002"/>
  <testcase name="testTimestamp" classname="com.interset.DataIntegrationTask.TestRunner" time="0"/>
  <testcase name="testJSONtoMetadata" classname="com.interset.DataIntegrationTask.TestRunner" time="0.002"/>
  <testcase name="testActionAdd" classname="com.interset.DataIntegrationTask.TestRunner" time="0"/>
  <testcase name="testUserSystem" classname="com.interset.DataIntegrationTask.TestRunner" time="0"/>
  <testcase name="testUserAdmin" classname="com.interset.DataIntegrationTask.TestRunner" time="0"/>
  <testcase name="testActionAccessed" classname="com.interset.DataIntegrationTask.TestRunner" time="0"/>
  <testcase name="testUserEmail" classname="com.interset.DataIntegrationTask.TestRunner" time="0"/>
  <testcase name="testActionNone" classname="com.interset.DataIntegrationTask.TestRunner" time="0"/>
  <testcase name="testFolder" classname="com.interset.DataIntegrationTask.TestRunner" time="0"/>
</testsuite>